<?xml version="1.0" encoding="UTF-8"?>
<!-- Generated by org.testng.reporters.JUnitReportReporter -->
<testsuite name="testcases.TC_002" tests="1" time="13.980" ignored="0" failures="0" timestamp="17 Sep 2024 12:26:26 GMT" skipped="0" hostname="DESKTOP-SFVBRND" errors="0">
  <testcase name="testcase2" time="13.980" classname="testcases.TC_002"/>
</testsuite> <!-- testcases.TC_002 -->
