<?xml version="1.0" encoding="UTF-8"?>
<!-- Generated by org.testng.reporters.JUnitReportReporter -->
<testsuite name="testcases.TC_003" tests="1" time="18.764" ignored="0" failures="0" timestamp="17 Sep 2024 12:26:26 GMT" skipped="0" hostname="DESKTOP-SFVBRND" errors="0">
  <testcase name="testcase3" time="18.764" classname="testcases.TC_003"/>
</testsuite> <!-- testcases.TC_003 -->
